0000:
BLACKLIST BOB
AFR992-D-1000-     
AFR991-D-1000-     
AFR966-D-1000-     
AFR555-D-1000-     
0006:
BOB003-A-    -10-01
AFR932-D-1000-     
0023:
BLACKLIST DCT
AFR999-D-1000-     
0920:
AFR998-D-1000-     
AFR997-D-1000-     
1023:
BLACKLIST AFR
DLA007-A-    -06-01
DLA006-A-    -06-01
DLA005-A-    -05-01
DLA004-A-    -04-01
DLA003-A-    -03-01
DLA002-A-    -02-01
DLA001-A-    -01-01
1202:
AFR155-A-    -20-03
1233:
AFR155-D-1300-     
DLA666-D-1258-     
DLA012-D-1256-     
1245:
ALI123-D-1255-     
