1_00:06 - BOB003-N------10-01
2_00:06 - EMR756-A------55-05
1_01:46 - EMR336-D-0146------
1_02:04 - EMR734-A------52-04
1_03:00 - ALI283-D-0300------
1_03:01 - AFR183-D-0301------
1_03:11 - AFR222-D-0311------
1_03:20 - DLA637-A------45-05
1_03:24 - JET763-D-0324------
1_03:41 - EMR134-A------45-03
1_03:57 - ALI350-A------39-03
1_04:04 - EMR040-A------24-03
1_04:22 - AFR272-U------20-04
1_04:34 - DCT286-U------05-01
1_05:04 - EMR143-D-0504------
1_05:22 - ALI250-U------03-01
1_05:48 - AFR331-D-0548------
1_05:50 - BOB003-U------24-24
1_05:51 - AFR472-A------70-05
1_06:43 - EMR244-D-0643------
1_06:45 - AFR331-U------05-05
1_06:55 - EMR534-D-0655------
1_07:14 - EMR098-U------01-01
1_07:16 - ALI190-A------18-02
1_07:35 - EMR928-D-0735------
1_07:41 - ALI716-D-0741------
1_07:43 - ALI554-A------27-03
1_07:58 - DLA853-U------04-01
1_08:04 - JET466-D-0804------
1_08:11 - JET443-A------27-03
1_08:14 - BOB572-N------36-04
1_08:23 - ALI654-U------15-05
1_08:25 - DLA349-U------04-01
2_08:25 - ALI802-D-0825------
1_09:51 - DLA753-A------75-05
1_10:00 - AFR992-D-1000------
2_10:00 - AFR991-D-1000------
1_10:01 - AFR966-D-1001------
2_10:01 - AFR932-D-1001------
1_10:02 - AFR999-D-1002------
2_10:02 - AFR998-D-1002------
1_10:03 - AFR997-D-1003------
1_10:06 - EMR598-D-1006------
1_10:23 - DLA001-U------01-01
2_10:23 - DLA002-U------02-01
1_10:24 - DLA003-U------02-01
2_10:24 - DLA004-U------03-01
1_10:25 - DLA005-U------03-01
2_10:25 - DLA007-U------04-01
1_10:26 - DLA006-U------03-01
1_10:55 - BOB629-N------48-04
1_11:05 - AFR670-N------14-02
1_11:10 - BOB269-N------14-02
1_11:38 - DLA701-D-1138------
1_12:02 - AFR155-N------20-03
1_12:55 - ALI123-D-1255------
1_12:56 - DLA012-D-1256------
1_12:58 - DLA666-D-1258------
1_13:26 - EMR842-D-1326------
1_13:30 - DLA306-D-1330------
1_14:05 - JET565-D-1405------
1_14:19 - BOB162-U------06-02
1_14:27 - JET397-U------10-05
1_14:32 - JET166-D-1432------
1_14:41 - EMR131-D-1441------
1_14:50 - DCT134-N------36-04
1_15:07 - BOB471-U------04-04
1_15:14 - EMR677-D-1514------
1_15:19 - EMR058-U------12-04
1_16:21 - JET238-A------40-05
1_16:37 - DLA030-A------55-05
1_16:56 - DLA829-D-1656------
1_18:02 - JET471-D-1802------
1_18:36 - EMR952-U------05-01
1_18:38 - DCT577-N------60-05
1_18:49 - JET012-D-1849------
1_20:05 - JET979-D-2005------
1_20:23 - AFR097-N------24-03
1_20:34 - ALI723-D-2034------
1_20:59 - DLA438-U------01-01
1_21:12 - AFR069-N------60-04
1_21:22 - DLA109-D-2122------
1_21:26 - DLA306-D-2126------
1_21:30 - ALI472-D-2130------
1_21:32 - AFR811-N------18-02
1_21:46 - ALI714-A------65-05
1_22:19 - JET320-D-2219------
1_22:42 - DLA103-D-2242------
1_22:56 - JET147-A------18-03
1_23:32 - ALI960-D-2332------
1_23:34 - EMR644-N------44-04
1_23:51 - EMR174-N------36-03
1_24:00 - ALI329-A------11-01
